Started GET "/" for ::1 at 2020-12-30 14:50:59 -0800
  
ActiveRecord::ConnectionNotEstablished (could not translate host name "db" to address: nodename nor servname provided, or not known
):
  
activerecord (6.1.0) lib/active_record/connection_adapters/postgresql_adapter.rb:83:in `rescue in new_client'
activerecord (6.1.0) lib/active_record/connection_adapters/postgresql_adapter.rb:77:in `new_client'
activerecord (6.1.0) lib/active_record/connection_adapters/postgresql_adapter.rb:37:in `postgresql_connection'
activerecord (6.1.0) lib/active_record/connection_adapters/abstract/connection_pool.rb:882:in `public_send'
activerecord (6.1.0) lib/active_record/connection_adapters/abstract/connection_pool.rb:882:in `new_connection'
activerecord (6.1.0) lib/active_record/connection_adapters/abstract/connection_pool.rb:926:in `checkout_new_connection'
activerecord (6.1.0) lib/active_record/connection_adapters/abstract/connection_pool.rb:905:in `try_to_checkout_new_connection'
activerecord (6.1.0) lib/active_record/connection_adapters/abstract/connection_pool.rb:866:in `acquire_connection'
activerecord (6.1.0) lib/active_record/connection_adapters/abstract/connection_pool.rb:588:in `checkout'
activerecord (6.1.0) lib/active_record/connection_adapters/abstract/connection_pool.rb:428:in `connection'
activerecord (6.1.0) lib/active_record/connection_adapters/abstract/connection_pool.rb:1128:in `retrieve_connection'
activerecord (6.1.0) lib/active_record/connection_handling.rb:319:in `retrieve_connection'
activerecord (6.1.0) lib/active_record/connection_handling.rb:275:in `connection'
activerecord (6.1.0) lib/active_record/migration.rb:611:in `connection'
activerecord (6.1.0) lib/active_record/migration.rb:606:in `build_watcher'
activerecord (6.1.0) lib/active_record/migration.rb:588:in `block in call'
activerecord (6.1.0) lib/active_record/migration.rb:587:in `synchronize'
activerecord (6.1.0) lib/active_record/migration.rb:587:in `call'
actionpack (6.1.0) lib/action_dispatch/middleware/callbacks.rb:27:in `block in call'
activesupport (6.1.0) lib/active_support/callbacks.rb:98:in `run_callbacks'
actionpack (6.1.0) lib/action_dispatch/middleware/callbacks.rb:26:in `call'
actionpack (6.1.0) lib/action_dispatch/middleware/executor.rb:14:in `call'
actionpack (6.1.0) lib/action_dispatch/middleware/actionable_exceptions.rb:18:in `call'
actionpack (6.1.0) lib/action_dispatch/middleware/debug_exceptions.rb:29:in `call'
actionpack (6.1.0) lib/action_dispatch/middleware/show_exceptions.rb:33:in `call'
railties (6.1.0) lib/rails/rack/logger.rb:37:in `call_app'
railties (6.1.0) lib/rails/rack/logger.rb:26:in `block in call'
activesupport (6.1.0) lib/active_support/tagged_logging.rb:99:in `block in tagged'
activesupport (6.1.0) lib/active_support/tagged_logging.rb:37:in `tagged'
activesupport (6.1.0) lib/active_support/tagged_logging.rb:99:in `tagged'
railties (6.1.0) lib/rails/rack/logger.rb:26:in `call'
actionpack (6.1.0) lib/action_dispatch/middleware/remote_ip.rb:81:in `call'
actionpack (6.1.0) lib/action_dispatch/middleware/request_id.rb:26:in `call'
rack (2.2.3) lib/rack/runtime.rb:22:in `call'
activesupport (6.1.0) lib/active_support/cache/strategy/local_cache_middleware.rb:29:in `call'
actionpack (6.1.0) lib/action_dispatch/middleware/executor.rb:14:in `call'
actionpack (6.1.0) lib/action_dispatch/middleware/static.rb:24:in `call'
rack (2.2.3) lib/rack/sendfile.rb:110:in `call'
actionpack (6.1.0) lib/action_dispatch/middleware/host_authorization.rb:98:in `call'
railties (6.1.0) lib/rails/engine.rb:539:in `call'
puma (5.1.1) lib/puma/configuration.rb:246:in `call'
puma (5.1.1) lib/puma/request.rb:76:in `block in handle_request'
puma (5.1.1) lib/puma/thread_pool.rb:337:in `with_force_shutdown'
puma (5.1.1) lib/puma/request.rb:75:in `handle_request'
puma (5.1.1) lib/puma/server.rb:431:in `process_client'
puma (5.1.1) lib/puma/thread_pool.rb:145:in `block in spawn_thread'
  [1m[35m (1567.7ms)[0m  [1m[35mCREATE DATABASE "luke_eldridge_api_development" ENCODING = 'unicode'[0m
  [1m[35m (1242.7ms)[0m  [1m[35mCREATE DATABASE "luke_eldridge_api_test" ENCODING = 'unicode'[0m
Started GET "/" for 172.19.0.1 at 2020-12-30 23:24:14 +0000
Started GET "/" for 172.19.0.1 at 2020-12-30 23:24:14 +0000
Processing by Rails::WelcomeController#index as HTML
Processing by Rails::WelcomeController#index as HTML
  Rendering /usr/local/bundle/gems/railties-6.1.0/lib/rails/templates/rails/welcome/index.html.erb
  Rendering /usr/local/bundle/gems/railties-6.1.0/lib/rails/templates/rails/welcome/index.html.erb
  Rendered /usr/local/bundle/gems/railties-6.1.0/lib/rails/templates/rails/welcome/index.html.erb (Duration: 12.0ms | Allocations: 408)
  Rendered /usr/local/bundle/gems/railties-6.1.0/lib/rails/templates/rails/welcome/index.html.erb (Duration: 4.6ms | Allocations: 212)
Completed 200 OK in 77ms (Views: 37.9ms | ActiveRecord: 0.0ms | Allocations: 3165)


Completed 200 OK in 85ms (Views: 38.3ms | ActiveRecord: 0.0ms | Allocations: 3689)


Started GET "/" for ::1 at 2020-12-30 15:24:54 -0800
  
ActiveRecord::ConnectionNotEstablished (could not translate host name "db" to address: nodename nor servname provided, or not known
):
  
activerecord (6.1.0) lib/active_record/connection_adapters/postgresql_adapter.rb:83:in `rescue in new_client'
activerecord (6.1.0) lib/active_record/connection_adapters/postgresql_adapter.rb:77:in `new_client'
activerecord (6.1.0) lib/active_record/connection_adapters/postgresql_adapter.rb:37:in `postgresql_connection'
activerecord (6.1.0) lib/active_record/connection_adapters/abstract/connection_pool.rb:882:in `public_send'
activerecord (6.1.0) lib/active_record/connection_adapters/abstract/connection_pool.rb:882:in `new_connection'
activerecord (6.1.0) lib/active_record/connection_adapters/abstract/connection_pool.rb:926:in `checkout_new_connection'
activerecord (6.1.0) lib/active_record/connection_adapters/abstract/connection_pool.rb:905:in `try_to_checkout_new_connection'
activerecord (6.1.0) lib/active_record/connection_adapters/abstract/connection_pool.rb:866:in `acquire_connection'
activerecord (6.1.0) lib/active_record/connection_adapters/abstract/connection_pool.rb:588:in `checkout'
activerecord (6.1.0) lib/active_record/connection_adapters/abstract/connection_pool.rb:428:in `connection'
activerecord (6.1.0) lib/active_record/connection_adapters/abstract/connection_pool.rb:1128:in `retrieve_connection'
activerecord (6.1.0) lib/active_record/connection_handling.rb:319:in `retrieve_connection'
activerecord (6.1.0) lib/active_record/connection_handling.rb:275:in `connection'
activerecord (6.1.0) lib/active_record/migration.rb:611:in `connection'
activerecord (6.1.0) lib/active_record/migration.rb:606:in `build_watcher'
activerecord (6.1.0) lib/active_record/migration.rb:588:in `block in call'
activerecord (6.1.0) lib/active_record/migration.rb:587:in `synchronize'
activerecord (6.1.0) lib/active_record/migration.rb:587:in `call'
actionpack (6.1.0) lib/action_dispatch/middleware/callbacks.rb:27:in `block in call'
activesupport (6.1.0) lib/active_support/callbacks.rb:98:in `run_callbacks'
actionpack (6.1.0) lib/action_dispatch/middleware/callbacks.rb:26:in `call'
actionpack (6.1.0) lib/action_dispatch/middleware/executor.rb:14:in `call'
actionpack (6.1.0) lib/action_dispatch/middleware/actionable_exceptions.rb:18:in `call'
actionpack (6.1.0) lib/action_dispatch/middleware/debug_exceptions.rb:29:in `call'
actionpack (6.1.0) lib/action_dispatch/middleware/show_exceptions.rb:33:in `call'
railties (6.1.0) lib/rails/rack/logger.rb:37:in `call_app'
railties (6.1.0) lib/rails/rack/logger.rb:26:in `block in call'
activesupport (6.1.0) lib/active_support/tagged_logging.rb:99:in `block in tagged'
activesupport (6.1.0) lib/active_support/tagged_logging.rb:37:in `tagged'
activesupport (6.1.0) lib/active_support/tagged_logging.rb:99:in `tagged'
railties (6.1.0) lib/rails/rack/logger.rb:26:in `call'
actionpack (6.1.0) lib/action_dispatch/middleware/remote_ip.rb:81:in `call'
actionpack (6.1.0) lib/action_dispatch/middleware/request_id.rb:26:in `call'
rack (2.2.3) lib/rack/runtime.rb:22:in `call'
activesupport (6.1.0) lib/active_support/cache/strategy/local_cache_middleware.rb:29:in `call'
actionpack (6.1.0) lib/action_dispatch/middleware/executor.rb:14:in `call'
actionpack (6.1.0) lib/action_dispatch/middleware/static.rb:24:in `call'
rack (2.2.3) lib/rack/sendfile.rb:110:in `call'
actionpack (6.1.0) lib/action_dispatch/middleware/host_authorization.rb:98:in `call'
railties (6.1.0) lib/rails/engine.rb:539:in `call'
puma (5.1.1) lib/puma/configuration.rb:246:in `call'
puma (5.1.1) lib/puma/request.rb:76:in `block in handle_request'
puma (5.1.1) lib/puma/thread_pool.rb:337:in `with_force_shutdown'
puma (5.1.1) lib/puma/request.rb:75:in `handle_request'
puma (5.1.1) lib/puma/server.rb:431:in `process_client'
puma (5.1.1) lib/puma/thread_pool.rb:145:in `block in spawn_thread'
